<?xml version="1.0" encoding="UTF-8"?>
<testsuite name="com.retail.myretail.MyretailApplicationTests" tests="1" skipped="0" failures="0" errors="0" timestamp="2017-09-05T01:41:21" hostname="PJHAJJE460" time="0.007">
  <properties/>
  <testcase name="contextLoads" classname="com.retail.myretail.MyretailApplicationTests" time="0.007"/>
  <system-out><![CDATA[2017-09-04 20:41:21.552  INFO 6856 --- [    Test worker] .b.t.c.SpringBootTestContextBootstrapper : Neither @ContextConfiguration nor @ContextHierarchy found for test class [com.retail.myretail.MyretailApplicationTests], using SpringBootContextLoader
2017-09-04 20:41:21.553  INFO 6856 --- [    Test worker] o.s.t.c.support.AbstractContextLoader    : Could not detect default resource locations for test class [com.retail.myretail.MyretailApplicationTests]: no resource found for suffixes {-context.xml, Context.groovy}.
2017-09-04 20:41:21.553  INFO 6856 --- [    Test worker] t.c.s.AnnotationConfigContextLoaderUtils : Could not detect default configuration classes for test class [com.retail.myretail.MyretailApplicationTests]: MyretailApplicationTests does not declare any static, non-private, non-final, nested classes annotated with @Configuration.
2017-09-04 20:41:21.565  INFO 6856 --- [    Test worker] .b.t.c.SpringBootTestContextBootstrapper : Found @SpringBootConfiguration com.retail.myretail.MyretailApplication for test class com.retail.myretail.MyretailApplicationTests
2017-09-04 20:41:21.570  INFO 6856 --- [    Test worker] .b.t.c.SpringBootTestContextBootstrapper : Loaded default TestExecutionListener class names from location [META-INF/spring.factories]: [org.springframework.boot.test.autoconfigure.restdocs.RestDocsTestExecutionListener, org.springframework.boot.test.autoconfigure.web.client.MockRestServiceServerResetTestExecutionListener, org.springframework.boot.test.autoconfigure.web.servlet.MockMvcPrintOnlyOnFailureTestExecutionListener, org.springframework.boot.test.autoconfigure.web.servlet.WebDriverTestExecutionListener, org.springframework.boot.test.mock.mockito.MockitoTestExecutionListener, org.springframework.boot.test.mock.mockito.ResetMocksTestExecutionListener, org.springframework.test.context.web.ServletTestExecutionListener, org.springframework.test.context.support.DirtiesContextBeforeModesTestExecutionListener, org.springframework.test.context.support.DependencyInjectionTestExecutionListener, org.springframework.test.context.support.DirtiesContextTestExecutionListener, org.springframework.test.context.transaction.TransactionalTestExecutionListener, org.springframework.test.context.jdbc.SqlScriptsTestExecutionListener]
2017-09-04 20:41:21.573  INFO 6856 --- [    Test worker] .b.t.c.SpringBootTestContextBootstrapper : Using TestExecutionListeners: [org.springframework.test.context.web.ServletTestExecutionListener@5e389e8, org.springframework.test.context.support.DirtiesContextBeforeModesTestExecutionListener@1ebba579, org.springframework.boot.test.autoconfigure.SpringBootDependencyInjectionTestExecutionListener@6e6798d1, org.springframework.test.context.support.DirtiesContextTestExecutionListener@405a4fe5, org.springframework.test.context.transaction.TransactionalTestExecutionListener@59ef32cf, org.springframework.test.context.jdbc.SqlScriptsTestExecutionListener@1a3cd4e6, org.springframework.boot.test.autoconfigure.web.servlet.WebDriverTestExecutionListener@48cf7660, org.springframework.boot.test.mock.mockito.MockitoTestExecutionListener@5af82dfb, org.springframework.boot.test.autoconfigure.web.client.MockRestServiceServerResetTestExecutionListener@7a210521, org.springframework.boot.test.autoconfigure.web.servlet.MockMvcPrintOnlyOnFailureTestExecutionListener@6c67567, org.springframework.boot.test.autoconfigure.restdocs.RestDocsTestExecutionListener@35097fa9, org.springframework.boot.test.mock.mockito.ResetMocksTestExecutionListener@2e850b06]
]]></system-out>
  <system-err><![CDATA[]]></system-err>
</testsuite>
