<?xml version="1.0" encoding="UTF-8"?>
<testsuite name="com.retail.myretail.service.RetailServiceSpec" tests="2" skipped="0" failures="0" errors="0" timestamp="2017-09-05T01:41:21" hostname="PJHAJJE460" time="0.94">
  <properties/>
  <testcase name="returnExceptionIfEntityIsNotFound" classname="com.retail.myretail.service.RetailServiceSpec" time="0.75"/>
  <testcase name="shouldReturnProductInformation" classname="com.retail.myretail.service.RetailServiceSpec" time="0.187"/>
  <system-out><![CDATA[2017-09-04 20:41:21.585  INFO 6856 --- [    Test worker] .b.t.c.SpringBootTestContextBootstrapper : Neither @ContextConfiguration nor @ContextHierarchy found for test class [com.retail.myretail.service.RetailServiceSpec], using SpringBootContextLoader
2017-09-04 20:41:21.585  INFO 6856 --- [    Test worker] o.s.t.c.support.AbstractContextLoader    : Could not detect default resource locations for test class [com.retail.myretail.service.RetailServiceSpec]: no resource found for suffixes {-context.xml, Context.groovy}.
2017-09-04 20:41:21.586  INFO 6856 --- [    Test worker] t.c.s.AnnotationConfigContextLoaderUtils : Could not detect default configuration classes for test class [com.retail.myretail.service.RetailServiceSpec]: RetailServiceSpec does not declare any static, non-private, non-final, nested classes annotated with @Configuration.
2017-09-04 20:41:21.595  INFO 6856 --- [    Test worker] .b.t.c.SpringBootTestContextBootstrapper : Found @SpringBootConfiguration com.retail.myretail.MyretailApplication for test class com.retail.myretail.service.RetailServiceSpec
2017-09-04 20:41:21.598  INFO 6856 --- [    Test worker] .b.t.c.SpringBootTestContextBootstrapper : Loaded default TestExecutionListener class names from location [META-INF/spring.factories]: [org.springframework.boot.test.autoconfigure.restdocs.RestDocsTestExecutionListener, org.springframework.boot.test.autoconfigure.web.client.MockRestServiceServerResetTestExecutionListener, org.springframework.boot.test.autoconfigure.web.servlet.MockMvcPrintOnlyOnFailureTestExecutionListener, org.springframework.boot.test.autoconfigure.web.servlet.WebDriverTestExecutionListener, org.springframework.boot.test.mock.mockito.MockitoTestExecutionListener, org.springframework.boot.test.mock.mockito.ResetMocksTestExecutionListener, org.springframework.test.context.web.ServletTestExecutionListener, org.springframework.test.context.support.DirtiesContextBeforeModesTestExecutionListener, org.springframework.test.context.support.DependencyInjectionTestExecutionListener, org.springframework.test.context.support.DirtiesContextTestExecutionListener, org.springframework.test.context.transaction.TransactionalTestExecutionListener, org.springframework.test.context.jdbc.SqlScriptsTestExecutionListener]
2017-09-04 20:41:21.602  INFO 6856 --- [    Test worker] .b.t.c.SpringBootTestContextBootstrapper : Using TestExecutionListeners: [org.springframework.test.context.web.ServletTestExecutionListener@954542f, org.springframework.test.context.support.DirtiesContextBeforeModesTestExecutionListener@552ce9b2, org.springframework.boot.test.autoconfigure.SpringBootDependencyInjectionTestExecutionListener@561cc223, org.springframework.test.context.support.DirtiesContextTestExecutionListener@2af80930, org.springframework.test.context.transaction.TransactionalTestExecutionListener@1a6d56c, org.springframework.test.context.jdbc.SqlScriptsTestExecutionListener@33f5dd93, org.springframework.boot.test.autoconfigure.web.servlet.WebDriverTestExecutionListener@3481c14, org.springframework.boot.test.mock.mockito.MockitoTestExecutionListener@691324c4, org.springframework.boot.test.autoconfigure.web.client.MockRestServiceServerResetTestExecutionListener@5ea9813f, org.springframework.boot.test.autoconfigure.web.servlet.MockMvcPrintOnlyOnFailureTestExecutionListener@43add63c, org.springframework.boot.test.autoconfigure.restdocs.RestDocsTestExecutionListener@46cae1, org.springframework.boot.test.mock.mockito.ResetMocksTestExecutionListener@7003fb29]
]]></system-out>
  <system-err><![CDATA[]]></system-err>
</testsuite>
